<?xml version="1.0" encoding="UTF-8"?>
<!-- Generated by org.testng.reporters.JUnitReportReporter -->
<testsuite hostname="DESKTOP-SAJUU46" name="selenium_api.Topic_01_CheckEnvironment" tests="1" failures="0" timestamp="20 Sep 2018 14:17:47 GMT" time="3.680" errors="0">
  <testcase name="TC_01_CheckBrowser" time="3.680" classname="selenium_api.Topic_01_CheckEnvironment"/>
</testsuite> <!-- selenium_api.Topic_01_CheckEnvironment -->
